<?xml version="1.0" encoding="UTF-8"?>
<!-- Generated by org.testng.reporters.JUnitXMLReporter -->
<testsuite hostname="ws-lv-cp2258" ignored="0" name="MainPage" tests="2" failures="1" timestamp="09 лют. 2017 15:54:30 GMT" time="35.459" errors="0">
  <testcase name="positive_loginAs_test" time="8.08" classname="eleks.com.pages_tests.MainPage_Test"/>
  <testcase name="negative_loginAs_test" time="21.907" classname="eleks.com.pages_tests.MainPage_Test">
    <failure type="java.lang.AssertionError" message="expected [true] but found [false]">
      <![CDATA[java.lang.AssertionError: expected [true] but found [false]
	at eleks.com.pages_tests.MainPage_Test.negative_loginAs_test(MainPage_Test.java:40)
... Removed 32 stack frames]]>
    </failure>
  </testcase> <!-- negative_loginAs_test -->
</testsuite> <!-- MainPage -->
