<?xml version="1.0" encoding="UTF-8"?>
<testng-results skipped="0" failed="1" ignored="0" total="2" passed="1">
  <reporter-output>
    <line>
      <![CDATA[Opening Main Page]]>
    </line>
    <line>
      <![CDATA[Login]]>
    </line>
    <line>
      <![CDATA[Checking is MailBox Page opened]]>
    </line>
    <line>
      <![CDATA[Opening Main Page]]>
    </line>
    <line>
      <![CDATA[Login]]>
    </line>
    <line>
      <![CDATA[<a href="C:\AutomationTesting\IUA_DEMOOK_ReportNG\IUA_ReportNG/02-09-2017_17-29.png"><img src="file:///C:\AutomationTesting\IUA_DEMOOK_ReportNG\IUA_ReportNG/02-09-2017_17-29.png" alt=""height='200' width='200'/> <br />]]>
    </line>
    <line>
      <![CDATA[<a href="C:\AutomationTesting\IUA_DEMOOK_ReportNG\IUA_ReportNG/02-09-2017_17-29.png"><img src="file:///C:\AutomationTesting\IUA_DEMOOK_ReportNG\IUA_ReportNG/02-09-2017_17-29.png" alt=""height='100' width='100'/> <br />]]>
    </line>
  </reporter-output>
  <suite name="Suite" duration-ms="35459" started-at="2017-02-09T15:53:54Z" finished-at="2017-02-09T15:54:30Z">
    <groups>
    </groups>
    <test name="MainPage" duration-ms="35459" started-at="2017-02-09T15:53:54Z" finished-at="2017-02-09T15:54:30Z">
      <class name="eleks.com.pages_tests.MainPage_Test">
        <test-method status="PASS" signature="setUp(java.lang.String)[pri:0, instance:eleks.com.pages_tests.MainPage_Test@4f787b]" name="setUp" is-config="true" duration-ms="3608" started-at="2017-02-09T17:53:54Z" finished-at="2017-02-09T17:53:58Z">
          <params>
            <param index="0">
              <value>
                <![CDATA[chrome]]>
              </value>
            </param>
          </params>
          <reporter-output>
          </reporter-output>
        </test-method> <!-- setUp -->
        <test-method status="PASS" signature="positive_loginAs_test()[pri:1, instance:eleks.com.pages_tests.MainPage_Test@4f787b]" name="positive_loginAs_test" duration-ms="8080" started-at="2017-02-09T17:53:58Z" finished-at="2017-02-09T17:54:06Z">
          <reporter-output>
            <line>
              <![CDATA[Opening Main Page]]>
            </line>
            <line>
              <![CDATA[Login]]>
            </line>
            <line>
              <![CDATA[Checking is MailBox Page opened]]>
            </line>
          </reporter-output>
        </test-method> <!-- positive_loginAs_test -->
        <test-method status="PASS" signature="addAttach(org.testng.ITestResult)[pri:0, instance:eleks.com.pages_tests.MainPage_Test@4f787b]" name="addAttach" is-config="true" duration-ms="0" started-at="2017-02-09T17:54:06Z" finished-at="2017-02-09T17:54:06Z">
          <params>
            <param index="0">
              <value>
                <![CDATA[[TestResult name=positive_loginAs_test status=SUCCESS method=MainPage_Test.positive_loginAs_test()[pri:1, instance:eleks.com.pages_tests.MainPage_Test@4f787b] output=Opening Main Page]]]>
              </value>
            </param>
          </params>
          <reporter-output>
          </reporter-output>
        </test-method> <!-- addAttach -->
        <test-method status="PASS" signature="setUp(java.lang.String)[pri:0, instance:eleks.com.pages_tests.MainPage_Test@4f787b]" name="setUp" is-config="true" duration-ms="1296" started-at="2017-02-09T17:54:06Z" finished-at="2017-02-09T17:54:07Z">
          <params>
            <param index="0">
              <value>
                <![CDATA[chrome]]>
              </value>
            </param>
          </params>
          <reporter-output>
          </reporter-output>
        </test-method> <!-- setUp -->
        <test-method status="FAIL" signature="negative_loginAs_test()[pri:3, instance:eleks.com.pages_tests.MainPage_Test@4f787b]" name="negative_loginAs_test" duration-ms="21907" started-at="2017-02-09T17:54:07Z" finished-at="2017-02-09T17:54:29Z">
          <exception class="java.lang.AssertionError">
            <message>
              <![CDATA[expected [true] but found [false]]]>
            </message>
            <full-stacktrace>
              <![CDATA[java.lang.AssertionError: expected [true] but found [false]
	at org.testng.Assert.fail(Assert.java:94)
	at org.testng.Assert.failNotEquals(Assert.java:513)
	at org.testng.Assert.assertTrue(Assert.java:42)
	at org.testng.Assert.assertTrue(Assert.java:52)
	at eleks.com.pages_tests.MainPage_Test.negative_loginAs_test(MainPage_Test.java:40)
	at sun.reflect.NativeMethodAccessorImpl.invoke0(Native Method)
	at sun.reflect.NativeMethodAccessorImpl.invoke(NativeMethodAccessorImpl.java:62)
	at sun.reflect.DelegatingMethodAccessorImpl.invoke(DelegatingMethodAccessorImpl.java:43)
	at java.lang.reflect.Method.invoke(Method.java:498)
	at org.testng.internal.MethodInvocationHelper.invokeMethod(MethodInvocationHelper.java:104)
	at org.testng.internal.Invoker.invokeMethod(Invoker.java:645)
	at org.testng.internal.Invoker.invokeTestMethod(Invoker.java:851)
	at org.testng.internal.Invoker.invokeTestMethods(Invoker.java:1177)
	at org.testng.internal.TestMethodWorker.invokeTestMethods(TestMethodWorker.java:129)
	at org.testng.internal.TestMethodWorker.run(TestMethodWorker.java:112)
	at org.testng.TestRunner.privateRun(TestRunner.java:756)
	at org.testng.TestRunner.run(TestRunner.java:610)
	at org.testng.SuiteRunner.runTest(SuiteRunner.java:387)
	at org.testng.SuiteRunner.runSequentially(SuiteRunner.java:382)
	at org.testng.SuiteRunner.privateRun(SuiteRunner.java:340)
	at org.testng.SuiteRunner.run(SuiteRunner.java:289)
	at org.testng.SuiteRunnerWorker.runSuite(SuiteRunnerWorker.java:52)
	at org.testng.SuiteRunnerWorker.run(SuiteRunnerWorker.java:86)
	at org.testng.TestNG.runSuitesSequentially(TestNG.java:1293)
	at org.testng.TestNG.runSuitesLocally(TestNG.java:1218)
	at org.testng.TestNG.runSuites(TestNG.java:1133)
	at org.testng.TestNG.run(TestNG.java:1104)
	at org.apache.maven.surefire.testng.TestNGExecutor.run(TestNGExecutor.java:281)
	at org.apache.maven.surefire.testng.TestNGXmlTestSuite.execute(TestNGXmlTestSuite.java:75)
	at org.apache.maven.surefire.testng.TestNGProvider.invoke(TestNGProvider.java:121)
	at org.apache.maven.surefire.booter.ForkedBooter.invokeProviderInSameClassLoader(ForkedBooter.java:290)
	at org.apache.maven.surefire.booter.ForkedBooter.runSuitesInProcess(ForkedBooter.java:242)
	at org.apache.maven.surefire.booter.ForkedBooter.main(ForkedBooter.java:121)
]]>
            </full-stacktrace>
          </exception> <!-- java.lang.AssertionError -->
          <reporter-output>
            <line>
              <![CDATA[Opening Main Page]]>
            </line>
            <line>
              <![CDATA[Login]]>
            </line>
            <line>
              <![CDATA[<a href="C:\AutomationTesting\IUA_DEMOOK_ReportNG\IUA_ReportNG/02-09-2017_17-29.png"><img src="file:///C:\AutomationTesting\IUA_DEMOOK_ReportNG\IUA_ReportNG/02-09-2017_17-29.png" alt=""height='200' width='200'/> <br />]]>
            </line>
          </reporter-output>
        </test-method> <!-- negative_loginAs_test -->
        <test-method status="PASS" signature="addAttach(org.testng.ITestResult)[pri:0, instance:eleks.com.pages_tests.MainPage_Test@4f787b]" name="addAttach" is-config="true" duration-ms="316" started-at="2017-02-09T17:54:29Z" finished-at="2017-02-09T17:54:30Z">
          <params>
            <param index="0">
              <value>
                <![CDATA[[TestResult name=negative_loginAs_test status=FAILURE method=MainPage_Test.negative_loginAs_test()[pri:3, instance:eleks.com.pages_tests.MainPage_Test@4f787b] output=Opening Main Page]]]>
              </value>
            </param>
          </params>
          <reporter-output>
            <line>
              <![CDATA[<a href="C:\AutomationTesting\IUA_DEMOOK_ReportNG\IUA_ReportNG/02-09-2017_17-29.png"><img src="file:///C:\AutomationTesting\IUA_DEMOOK_ReportNG\IUA_ReportNG/02-09-2017_17-29.png" alt=""height='100' width='100'/> <br />]]>
            </line>
          </reporter-output>
        </test-method> <!-- addAttach -->
        <test-method status="PASS" signature="writeDriver()[pri:0, instance:eleks.com.pages_tests.MainPage_Test@4f787b]" name="writeDriver" is-config="true" duration-ms="3" started-at="2017-02-09T17:54:30Z" finished-at="2017-02-09T17:54:30Z">
          <reporter-output>
          </reporter-output>
        </test-method> <!-- writeDriver -->
        <test-method status="PASS" signature="tearDown()[pri:0, instance:eleks.com.pages_tests.MainPage_Test@4f787b]" name="tearDown" is-config="true" duration-ms="808" started-at="2017-02-09T17:54:30Z" finished-at="2017-02-09T17:54:31Z">
          <reporter-output>
          </reporter-output>
        </test-method> <!-- tearDown -->
      </class> <!-- eleks.com.pages_tests.MainPage_Test -->
    </test> <!-- MainPage -->
  </suite> <!-- Suite -->
</testng-results>
