<!DOCTYPE html PUBLIC "-//W3C//DTD XHTML 1.1//EN" "http://www.w3.org/TR/xhtml11/DTD/xhtml11.dtd">
<html xmlns="http://www.w3.org/1999/xhtml"><head><title>TestNG Report</title><style type="text/css">table {margin-bottom:10px;border-collapse:collapse;empty-cells:show}th,td {border:1px solid #009;padding:.25em .5em}th {vertical-align:bottom}td {vertical-align:top}table a {font-weight:bold}.stripe td {background-color: #E6EBF9}.num {text-align:right}.passedodd td {background-color: #3F3}.passedeven td {background-color: #0A0}.skippedodd td {background-color: #DDD}.skippedeven td {background-color: #CCC}.failedodd td,.attn {background-color: #F33}.failedeven td,.stripe .attn {background-color: #D00}.stacktrace {white-space:pre;font-family:monospace}.totop {font-size:85%;text-align:center;border-bottom:2px solid #000}</style></head><body><table><tr><th>Test</th><th># Passed</th><th># Skipped</th><th># Failed</th><th>Time (ms)</th><th>Included Groups</th><th>Excluded Groups</th></tr><tr><th colspan="7">Suite</th></tr><tr><td><a href="#t0">MainPage</a></td><td class="num">2</td><td class="num">0</td><td class="num attn">1</td><td class="num">63 275</td><td></td><td></td></tr><tr class="stripe"><td><a href="#t1">MainBoxPage</a></td><td class="num">2</td><td class="num">0</td><td class="num">0</td><td class="num">13 614</td><td></td><td></td></tr><tr><td><a href="#t2">CreateEmailPage</a></td><td class="num">1</td><td class="num">0</td><td class="num">0</td><td class="num">6 006</td><td></td><td></td></tr><tr class="stripe"><td><a href="#t3">SuccessSendMailPage</a></td><td class="num">1</td><td class="num">0</td><td class="num">0</td><td class="num">7 020</td><td></td><td></td></tr><tr><td><a href="#t4">SentEmailsPage</a></td><td class="num">1</td><td class="num">0</td><td class="num attn">3</td><td class="num">103 054</td><td></td><td></td></tr><tr><th>Total</th><th class="num">7</th><th class="num">0</th><th class="num attn">4</th><th class="num">192 969</th><th colspan="2"></th></tr></table><table><thead><tr><th>Class</th><th>Method</th><th>Start</th><th>Time (ms)</th></tr></thead><tbody><tr><th colspan="4">Suite</th></tr></tbody><tbody id="t0"><tr><th colspan="4">MainPage &#8212; failed</th></tr><tr class="failedeven"><td rowspan="1">eleks.com.pages_tests.MainPage_Test</td><td><a href="#m0">negative_loginAs_test</a></td><td rowspan="1">1487941194035</td><td rowspan="1">20909</td></tr><tr><th colspan="4">MainPage &#8212; passed</th></tr><tr class="passedeven"><td rowspan="2">eleks.com.pages_tests.MainPage_Test</td><td><a href="#m1">isMainPageOpened_test</a></td><td rowspan="1">1487941156184</td><td rowspan="1">611</td></tr><tr class="passedeven"><td><a href="#m2">positive_loginAs_test</a></td><td rowspan="1">1487941157092</td><td rowspan="1">36561</td></tr></tbody><tbody id="t1"><tr><th colspan="4">MainBoxPage &#8212; passed</th></tr><tr class="passedeven"><td rowspan="2">eleks.com.pages_tests.MailBoxPage_Test</td><td><a href="#m3">goToCreateEmailPage_test</a></td><td rowspan="1">1487941216931</td><td rowspan="1">8602</td></tr><tr class="passedeven"><td><a href="#m4">logout_test</a></td><td rowspan="1">1487941225933</td><td rowspan="1">2604</td></tr></tbody><tbody id="t2"><tr><th colspan="4">CreateEmailPage &#8212; passed</th></tr><tr class="passedeven"><td rowspan="1">eleks.com.pages_tests.CreateEmailPage_Test</td><td><a href="#m5">createEmail_test</a></td><td rowspan="1">1487941229211</td><td rowspan="1">5514</td></tr></tbody><tbody id="t3"><tr><th colspan="4">SuccessSendMailPage &#8212; passed</th></tr><tr class="passedeven"><td rowspan="1">eleks.com.pages_tests.SuccessSendMailPage_Test</td><td><a href="#m6">goToMailBoxPage_test</a></td><td rowspan="1">1487941235071</td><td rowspan="1">6713</td></tr></tbody><tbody id="t4"><tr><th colspan="4">SentEmailsPage &#8212; failed</th></tr><tr class="failedeven"><td rowspan="3">eleks.com.pages_tests.SentEmailsPage_Test</td><td><a href="#m7">negative_verifyBody_test</a></td><td rowspan="1">1487941243866</td><td rowspan="1">28616</td></tr><tr class="failedeven"><td><a href="#m8">negative_verifySubject_test</a></td><td rowspan="1">1487941273108</td><td rowspan="1">26647</td></tr><tr class="failedeven"><td><a href="#m9">positive_verifyBody_test</a></td><td rowspan="1">1487941300727</td><td rowspan="1">34647</td></tr><tr><th colspan="4">SentEmailsPage &#8212; passed</th></tr><tr class="passedeven"><td rowspan="1">eleks.com.pages_tests.SentEmailsPage_Test</td><td><a href="#m10">positive_verifySubject_test</a></td><td rowspan="1">1487941336152</td><td rowspan="1">8703</td></tr></tbody></table><h2>MainPage</h2><h3 id="m0">eleks.com.pages_tests.MainPage_Test#negative_loginAs_test</h3><table class="result"><tr><th>Messages</th></tr><tr><td><div class="messages">Opening Main Page<br/>Login<br/><p><a href="file:///C:\AutomationTesting\IUA_DEMOOK_ReportNG\IUA_ReportNG\ErrorScreenShots\negative_loginAs_test_24_02_2017_03_00_14.png"><img src="file:///C:\AutomationTesting\IUA_DEMOOK_ReportNG\IUA_ReportNG\ErrorScreenShots\negative_loginAs_test_24_02_2017_03_00_14.png" alt=""height='100' width='100'/> <br /></div></td></tr><tr><th>Exception</th></tr><tr><td><div class="stacktrace">java.lang.AssertionError: expected [true] but found [false]
	at eleks.com.pages_tests.MainPage_Test.negative_loginAs_test(MainPage_Test.java:42)
... Removed 29 stack frames</div></td></tr></table><p class="totop"><a href="#summary">back to summary</a></p><h3 id="m1">eleks.com.pages_tests.MainPage_Test#isMainPageOpened_test</h3><table class="result"><tr><th>Messages</th></tr><tr><td><div class="messages">Opening Main Page<br/>Checking is MainPage opened</div></td></tr></table><p class="totop"><a href="#summary">back to summary</a></p><h3 id="m2">eleks.com.pages_tests.MainPage_Test#positive_loginAs_test</h3><table class="result"><tr><th>Messages</th></tr><tr><td><div class="messages">Opening Main Page<br/>Login<br/>Checking is MailBox Page opened</div></td></tr></table><p class="totop"><a href="#summary">back to summary</a></p><h2>MainBoxPage</h2><h3 id="m3">eleks.com.pages_tests.MailBoxPage_Test#goToCreateEmailPage_test</h3><table class="result"><tr><th>Messages</th></tr><tr><td><div class="messages">Opening Main Page<br/>Login<br/>Navigating to Create Email Page<br/>Checking is Create Mail Page opened<br/>Logout</div></td></tr></table><p class="totop"><a href="#summary">back to summary</a></p><h3 id="m4">eleks.com.pages_tests.MailBoxPage_Test#logout_test</h3><table class="result"><tr><th>Messages</th></tr><tr><td><div class="messages">Opening Main Page<br/>Login<br/>Logout<br/>Checking is Mail Page opened</div></td></tr></table><p class="totop"><a href="#summary">back to summary</a></p><h2>CreateEmailPage</h2><h3 id="m5">eleks.com.pages_tests.CreateEmailPage_Test#createEmail_test</h3><table class="result"><tr><th>Messages</th></tr><tr><td><div class="messages">Opening Main Page<br/>Login<br/>Navigating to Create Email Page<br/>Checking is Create Mail Page opened<br/>Create Email<br/>Checking is Success Send Mail Page opened<br/>Logout</div></td></tr></table><p class="totop"><a href="#summary">back to summary</a></p><h2>SuccessSendMailPage</h2><h3 id="m6">eleks.com.pages_tests.SuccessSendMailPage_Test#goToMailBoxPage_test</h3><table class="result"><tr><th>Messages</th></tr><tr><td><div class="messages">Opening Main Page<br/>Login<br/>Navigating to Create Email Page<br/>Create Email<br/>Navigating to MailBox Page<br/>Checking is MailBox Page opened<br/>Logout</div></td></tr></table><p class="totop"><a href="#summary">back to summary</a></p><h2>SentEmailsPage</h2><h3 id="m7">eleks.com.pages_tests.SentEmailsPage_Test#negative_verifyBody_test</h3><table class="result"><tr><th>Messages</th></tr><tr><td><div class="messages"><p><a href="file:///C:\AutomationTesting\IUA_DEMOOK_ReportNG\IUA_ReportNG\ErrorScreenShots\negative_verifyBody_test_24_02_2017_03_01_12.png"><img src="file:///C:\AutomationTesting\IUA_DEMOOK_ReportNG\IUA_ReportNG\ErrorScreenShots\negative_verifyBody_test_24_02_2017_03_01_12.png" alt=""height='100' width='100'/> <br /></div></td></tr><tr><th>Exception</th></tr><tr><td><div class="stacktrace">org.openqa.selenium.NoSuchElementException: no such element: Unable to locate element: {&quot;method&quot;:&quot;xpath&quot;,&quot;selector&quot;:&quot;//div[@class=&apos;message_body&apos;]/pre[text()=&apos;body_tra_ta_ta&apos;]&quot;}
  (Session info: chrome=56.0.2924.87)
  (Driver info: chromedriver=2.25.426923 (0390b88869384d6eb0d5d09729679f934aab9eed),platform=Windows NT 10.0.14393 x86_64) (WARNING: The server did not provide any stacktrace information)
Command duration or timeout: 20.04 seconds
For documentation on this error, please visit: http://seleniumhq.org/exceptions/no_such_element.html
Build info: version: &apos;3.0.1&apos;, revision: &apos;1969d75&apos;, time: &apos;2016-10-18 09:49:13 -0700&apos;
System info: host: &apos;ws-lv-cp2258&apos;, ip: &apos;172.25.24.92&apos;, os.name: &apos;Windows 10&apos;, os.arch: &apos;x86&apos;, os.version: &apos;10.0&apos;, java.version: &apos;1.8.0_111&apos;
Driver info: org.openqa.selenium.chrome.ChromeDriver
Capabilities [{applicationCacheEnabled=false, rotatable=false, mobileEmulationEnabled=false, networkConnectionEnabled=false, chrome={chromedriverVersion=2.25.426923 (0390b88869384d6eb0d5d09729679f934aab9eed), userDataDir=C:\Users\HALYNA~1.LES\AppData\Local\Temp\scoped_dir3228_1555}, takesHeapSnapshot=true, pageLoadStrategy=normal, databaseEnabled=false, handlesAlerts=true, hasTouchScreen=false, version=56.0.2924.87, platform=XP, browserConnectionEnabled=false, nativeEvents=true, acceptSslCerts=true, locationContextEnabled=true, webStorageEnabled=true, browserName=chrome, takesScreenshot=true, javascriptEnabled=true, cssSelectorsEnabled=true}]
Session ID: ffe79fdd9bd9ad9b17bb126df6a4fd76
*** Element info: {Using=xpath, value=//div[@class=&apos;message_body&apos;]/pre[text()=&apos;body_tra_ta_ta&apos;]}
	at org.openqa.selenium.remote.ErrorHandler.createThrowable(ErrorHandler.java:216)
	at org.openqa.selenium.remote.ErrorHandler.throwIfResponseFailed(ErrorHandler.java:168)
	at org.openqa.selenium.remote.RemoteWebDriver.execute(RemoteWebDriver.java:635)
	at org.openqa.selenium.remote.RemoteWebDriver.findElement(RemoteWebDriver.java:368)
	at org.openqa.selenium.remote.RemoteWebDriver.findElementByXPath(RemoteWebDriver.java:473)
	at org.openqa.selenium.By$ByXPath.findElement(By.java:361)
	at org.openqa.selenium.remote.RemoteWebDriver.findElement(RemoteWebDriver.java:360)
	at eleks.com.pages.SentEmailsPage.isCorrectBodyOnEmail(SentEmailsPage.java:67)
	at eleks.com.pages_tests.SentEmailsPage_Test.negative_verifyBody_test(SentEmailsPage_Test.java:110)
... Removed 29 stack frames</div></td></tr></table><p class="totop"><a href="#summary">back to summary</a></p><h3 id="m8">eleks.com.pages_tests.SentEmailsPage_Test#negative_verifySubject_test</h3><table class="result"><tr><th>Messages</th></tr><tr><td><div class="messages">Opening Main Page<br/>Login<br/>Navigating to Create Email Page<br/>Create Email<br/>Navigating to Sent Emails Page<br/><p><a href="file:///C:\AutomationTesting\IUA_DEMOOK_ReportNG\IUA_ReportNG\ErrorScreenShots\negative_verifySubject_test_24_02_2017_03_01_39.png"><img src="file:///C:\AutomationTesting\IUA_DEMOOK_ReportNG\IUA_ReportNG\ErrorScreenShots\negative_verifySubject_test_24_02_2017_03_01_39.png" alt=""height='100' width='100'/> <br /></div></td></tr><tr><th>Exception</th></tr><tr><td><div class="stacktrace">org.openqa.selenium.NoSuchElementException: no such element: Unable to locate element: {&quot;method&quot;:&quot;xpath&quot;,&quot;selector&quot;:&quot;//descendant::span[text()=&apos;dgdfg&apos;]&quot;}
  (Session info: chrome=56.0.2924.87)
  (Driver info: chromedriver=2.25.426923 (0390b88869384d6eb0d5d09729679f934aab9eed),platform=Windows NT 10.0.14393 x86_64) (WARNING: The server did not provide any stacktrace information)
Command duration or timeout: 20.06 seconds
For documentation on this error, please visit: http://seleniumhq.org/exceptions/no_such_element.html
Build info: version: &apos;3.0.1&apos;, revision: &apos;1969d75&apos;, time: &apos;2016-10-18 09:49:13 -0700&apos;
System info: host: &apos;ws-lv-cp2258&apos;, ip: &apos;172.25.24.92&apos;, os.name: &apos;Windows 10&apos;, os.arch: &apos;x86&apos;, os.version: &apos;10.0&apos;, java.version: &apos;1.8.0_111&apos;
Driver info: org.openqa.selenium.chrome.ChromeDriver
Capabilities [{applicationCacheEnabled=false, rotatable=false, mobileEmulationEnabled=false, networkConnectionEnabled=false, chrome={chromedriverVersion=2.25.426923 (0390b88869384d6eb0d5d09729679f934aab9eed), userDataDir=C:\Users\HALYNA~1.LES\AppData\Local\Temp\scoped_dir3228_1555}, takesHeapSnapshot=true, pageLoadStrategy=normal, databaseEnabled=false, handlesAlerts=true, hasTouchScreen=false, version=56.0.2924.87, platform=XP, browserConnectionEnabled=false, nativeEvents=true, acceptSslCerts=true, locationContextEnabled=true, webStorageEnabled=true, browserName=chrome, takesScreenshot=true, javascriptEnabled=true, cssSelectorsEnabled=true}]
Session ID: ffe79fdd9bd9ad9b17bb126df6a4fd76
*** Element info: {Using=xpath, value=//descendant::span[text()=&apos;dgdfg&apos;]}
	at org.openqa.selenium.remote.ErrorHandler.createThrowable(ErrorHandler.java:216)
	at org.openqa.selenium.remote.ErrorHandler.throwIfResponseFailed(ErrorHandler.java:168)
	at org.openqa.selenium.remote.RemoteWebDriver.execute(RemoteWebDriver.java:635)
	at org.openqa.selenium.remote.RemoteWebDriver.findElement(RemoteWebDriver.java:368)
	at org.openqa.selenium.remote.RemoteWebDriver.findElementByXPath(RemoteWebDriver.java:473)
	at org.openqa.selenium.By$ByXPath.findElement(By.java:361)
	at org.openqa.selenium.remote.RemoteWebDriver.findElement(RemoteWebDriver.java:360)
	at eleks.com.pages.SentEmailsPage.isCorrectSubject(SentEmailsPage.java:31)
	at eleks.com.pages_tests.SentEmailsPage_Test.negative_verifySubject_test(SentEmailsPage_Test.java:64)
... Removed 29 stack frames</div></td></tr></table><p class="totop"><a href="#summary">back to summary</a></p><h3 id="m9">eleks.com.pages_tests.SentEmailsPage_Test#positive_verifyBody_test</h3><table class="result"><tr><th>Messages</th></tr><tr><td><div class="messages"><p><a href="file:///C:\AutomationTesting\IUA_DEMOOK_ReportNG\IUA_ReportNG\ErrorScreenShots\positive_verifyBody_test_24_02_2017_03_02_15.png"><img src="file:///C:\AutomationTesting\IUA_DEMOOK_ReportNG\IUA_ReportNG\ErrorScreenShots\positive_verifyBody_test_24_02_2017_03_02_15.png" alt=""height='100' width='100'/> <br /></div></td></tr><tr><th>Exception</th></tr><tr><td><div class="stacktrace">org.openqa.selenium.NoSuchElementException: no such element: Unable to locate element: {&quot;method&quot;:&quot;xpath&quot;,&quot;selector&quot;:&quot;//div[@class=&apos;message_body&apos;]/pre[text()=&apos;body_tra_ta_ta&apos;]&quot;}
  (Session info: chrome=56.0.2924.87)
  (Driver info: chromedriver=2.25.426923 (0390b88869384d6eb0d5d09729679f934aab9eed),platform=Windows NT 10.0.14393 x86_64) (WARNING: The server did not provide any stacktrace information)
Command duration or timeout: 20.03 seconds
For documentation on this error, please visit: http://seleniumhq.org/exceptions/no_such_element.html
Build info: version: &apos;3.0.1&apos;, revision: &apos;1969d75&apos;, time: &apos;2016-10-18 09:49:13 -0700&apos;
System info: host: &apos;ws-lv-cp2258&apos;, ip: &apos;172.25.24.92&apos;, os.name: &apos;Windows 10&apos;, os.arch: &apos;x86&apos;, os.version: &apos;10.0&apos;, java.version: &apos;1.8.0_111&apos;
Driver info: org.openqa.selenium.chrome.ChromeDriver
Capabilities [{applicationCacheEnabled=false, rotatable=false, mobileEmulationEnabled=false, networkConnectionEnabled=false, chrome={chromedriverVersion=2.25.426923 (0390b88869384d6eb0d5d09729679f934aab9eed), userDataDir=C:\Users\HALYNA~1.LES\AppData\Local\Temp\scoped_dir3228_1555}, takesHeapSnapshot=true, pageLoadStrategy=normal, databaseEnabled=false, handlesAlerts=true, hasTouchScreen=false, version=56.0.2924.87, platform=XP, browserConnectionEnabled=false, nativeEvents=true, acceptSslCerts=true, locationContextEnabled=true, webStorageEnabled=true, browserName=chrome, takesScreenshot=true, javascriptEnabled=true, cssSelectorsEnabled=true}]
Session ID: ffe79fdd9bd9ad9b17bb126df6a4fd76
*** Element info: {Using=xpath, value=//div[@class=&apos;message_body&apos;]/pre[text()=&apos;body_tra_ta_ta&apos;]}
	at org.openqa.selenium.remote.ErrorHandler.createThrowable(ErrorHandler.java:216)
	at org.openqa.selenium.remote.ErrorHandler.throwIfResponseFailed(ErrorHandler.java:168)
	at org.openqa.selenium.remote.RemoteWebDriver.execute(RemoteWebDriver.java:635)
	at org.openqa.selenium.remote.RemoteWebDriver.findElement(RemoteWebDriver.java:368)
	at org.openqa.selenium.remote.RemoteWebDriver.findElementByXPath(RemoteWebDriver.java:473)
	at org.openqa.selenium.By$ByXPath.findElement(By.java:361)
	at org.openqa.selenium.remote.RemoteWebDriver.findElement(RemoteWebDriver.java:360)
	at eleks.com.pages.SentEmailsPage.isCorrectBodyOnEmail(SentEmailsPage.java:67)
	at eleks.com.pages_tests.SentEmailsPage_Test.positive_verifyBody_test(SentEmailsPage_Test.java:87)
... Removed 29 stack frames</div></td></tr></table><p class="totop"><a href="#summary">back to summary</a></p><h3 id="m10">eleks.com.pages_tests.SentEmailsPage_Test#positive_verifySubject_test</h3><table class="result"><tr><th>Messages</th></tr><tr><td><div class="messages">Opening Main Page<br/>Login<br/>Navigating to Create Email Page<br/>Create Email<br/>Navigating to Sent Emails Page<br/>Checking is correct subject<br/>Logout</div></td></tr></table><p class="totop"><a href="#summary">back to summary</a></p></body></html>