<?xml version="1.0" encoding="UTF-8"?>
<testng-results skipped="0" failed="4" ignored="0" total="11" passed="7">
  <reporter-output>
    <line>
      <![CDATA[Opening Main Page]]>
    </line>
    <line>
      <![CDATA[Checking is MainPage opened]]>
    </line>
    <line>
      <![CDATA[Opening Main Page]]>
    </line>
    <line>
      <![CDATA[Login]]>
    </line>
    <line>
      <![CDATA[Checking is MailBox Page opened]]>
    </line>
    <line>
      <![CDATA[Opening Main Page]]>
    </line>
    <line>
      <![CDATA[Login]]>
    </line>
    <line>
      <![CDATA[<p><a href="file:///C:\AutomationTesting\IUA_DEMOOK_ReportNG\IUA_ReportNG\ErrorScreenShots\negative_loginAs_test_24_02_2017_03_00_14.png"><img src="file:///C:\AutomationTesting\IUA_DEMOOK_ReportNG\IUA_ReportNG\ErrorScreenShots\negative_loginAs_test_24_02_2017_03_00_14.png" alt=""height='100' width='100'/> <br />]]>
    </line>
    <line>
      <![CDATA[Opening Main Page]]>
    </line>
    <line>
      <![CDATA[Login]]>
    </line>
    <line>
      <![CDATA[Navigating to Create Email Page]]>
    </line>
    <line>
      <![CDATA[Checking is Create Mail Page opened]]>
    </line>
    <line>
      <![CDATA[Logout]]>
    </line>
    <line>
      <![CDATA[Opening Main Page]]>
    </line>
    <line>
      <![CDATA[Login]]>
    </line>
    <line>
      <![CDATA[Logout]]>
    </line>
    <line>
      <![CDATA[Checking is Mail Page opened]]>
    </line>
    <line>
      <![CDATA[Opening Main Page]]>
    </line>
    <line>
      <![CDATA[Login]]>
    </line>
    <line>
      <![CDATA[Navigating to Create Email Page]]>
    </line>
    <line>
      <![CDATA[Checking is Create Mail Page opened]]>
    </line>
    <line>
      <![CDATA[Create Email]]>
    </line>
    <line>
      <![CDATA[Checking is Success Send Mail Page opened]]>
    </line>
    <line>
      <![CDATA[Logout]]>
    </line>
    <line>
      <![CDATA[Opening Main Page]]>
    </line>
    <line>
      <![CDATA[Login]]>
    </line>
    <line>
      <![CDATA[Navigating to Create Email Page]]>
    </line>
    <line>
      <![CDATA[Create Email]]>
    </line>
    <line>
      <![CDATA[Navigating to MailBox Page]]>
    </line>
    <line>
      <![CDATA[Checking is MailBox Page opened]]>
    </line>
    <line>
      <![CDATA[Logout]]>
    </line>
    <line>
      <![CDATA[<p><a href="file:///C:\AutomationTesting\IUA_DEMOOK_ReportNG\IUA_ReportNG\ErrorScreenShots\negative_verifyBody_test_24_02_2017_03_01_12.png"><img src="file:///C:\AutomationTesting\IUA_DEMOOK_ReportNG\IUA_ReportNG\ErrorScreenShots\negative_verifyBody_test_24_02_2017_03_01_12.png" alt=""height='100' width='100'/> <br />]]>
    </line>
    <line>
      <![CDATA[Opening Main Page]]>
    </line>
    <line>
      <![CDATA[Login]]>
    </line>
    <line>
      <![CDATA[Navigating to Create Email Page]]>
    </line>
    <line>
      <![CDATA[Create Email]]>
    </line>
    <line>
      <![CDATA[Navigating to Sent Emails Page]]>
    </line>
    <line>
      <![CDATA[<p><a href="file:///C:\AutomationTesting\IUA_DEMOOK_ReportNG\IUA_ReportNG\ErrorScreenShots\negative_verifySubject_test_24_02_2017_03_01_39.png"><img src="file:///C:\AutomationTesting\IUA_DEMOOK_ReportNG\IUA_ReportNG\ErrorScreenShots\negative_verifySubject_test_24_02_2017_03_01_39.png" alt=""height='100' width='100'/> <br />]]>
    </line>
    <line>
      <![CDATA[<p><a href="file:///C:\AutomationTesting\IUA_DEMOOK_ReportNG\IUA_ReportNG\ErrorScreenShots\positive_verifyBody_test_24_02_2017_03_02_15.png"><img src="file:///C:\AutomationTesting\IUA_DEMOOK_ReportNG\IUA_ReportNG\ErrorScreenShots\positive_verifyBody_test_24_02_2017_03_02_15.png" alt=""height='100' width='100'/> <br />]]>
    </line>
    <line>
      <![CDATA[Opening Main Page]]>
    </line>
    <line>
      <![CDATA[Login]]>
    </line>
    <line>
      <![CDATA[Navigating to Create Email Page]]>
    </line>
    <line>
      <![CDATA[Create Email]]>
    </line>
    <line>
      <![CDATA[Navigating to Sent Emails Page]]>
    </line>
    <line>
      <![CDATA[Checking is correct subject]]>
    </line>
    <line>
      <![CDATA[Logout]]>
    </line>
  </reporter-output>
  <suite name="Suite" duration-ms="193058" started-at="2017-02-24T12:59:11Z" finished-at="2017-02-24T13:02:24Z">
    <groups>
    </groups>
    <test name="MainPage" duration-ms="63275" started-at="2017-02-24T12:59:11Z" finished-at="2017-02-24T13:00:15Z">
      <class name="eleks.com.pages_tests.MainPage_Test">
        <test-method status="PASS" signature="setUp(java.lang.String)[pri:0, instance:eleks.com.pages_tests.MainPage_Test@1084709]" name="setUp" is-config="true" duration-ms="4253" started-at="2017-02-24T14:59:11Z" finished-at="2017-02-24T14:59:16Z">
          <params>
            <param index="0">
              <value>
                <![CDATA[chrome]]>
              </value>
            </param>
          </params>
          <reporter-output>
          </reporter-output>
        </test-method> <!-- setUp -->
        <test-method status="PASS" signature="isMainPageOpened_test()[pri:0, instance:eleks.com.pages_tests.MainPage_Test@1084709]" name="isMainPageOpened_test" duration-ms="611" started-at="2017-02-24T14:59:16Z" finished-at="2017-02-24T14:59:16Z">
          <reporter-output>
            <line>
              <![CDATA[Opening Main Page]]>
            </line>
            <line>
              <![CDATA[Checking is MainPage opened]]>
            </line>
          </reporter-output>
        </test-method> <!-- isMainPageOpened_test -->
        <test-method status="PASS" signature="clearCookies()[pri:0, instance:eleks.com.pages_tests.MainPage_Test@1084709]" name="clearCookies" is-config="true" duration-ms="77" started-at="2017-02-24T14:59:16Z" finished-at="2017-02-24T14:59:16Z">
          <reporter-output>
          </reporter-output>
        </test-method> <!-- clearCookies -->
        <test-method status="PASS" signature="setUp(java.lang.String)[pri:0, instance:eleks.com.pages_tests.MainPage_Test@1084709]" name="setUp" is-config="true" duration-ms="217" started-at="2017-02-24T14:59:16Z" finished-at="2017-02-24T14:59:17Z">
          <params>
            <param index="0">
              <value>
                <![CDATA[chrome]]>
              </value>
            </param>
          </params>
          <reporter-output>
          </reporter-output>
        </test-method> <!-- setUp -->
        <test-method status="PASS" signature="positive_loginAs_test()[pri:1, instance:eleks.com.pages_tests.MainPage_Test@1084709]" name="positive_loginAs_test" duration-ms="36561" started-at="2017-02-24T14:59:17Z" finished-at="2017-02-24T14:59:53Z">
          <reporter-output>
            <line>
              <![CDATA[Opening Main Page]]>
            </line>
            <line>
              <![CDATA[Login]]>
            </line>
            <line>
              <![CDATA[Checking is MailBox Page opened]]>
            </line>
          </reporter-output>
        </test-method> <!-- positive_loginAs_test -->
        <test-method status="PASS" signature="clearCookies()[pri:0, instance:eleks.com.pages_tests.MainPage_Test@1084709]" name="clearCookies" is-config="true" duration-ms="124" started-at="2017-02-24T14:59:53Z" finished-at="2017-02-24T14:59:53Z">
          <reporter-output>
          </reporter-output>
        </test-method> <!-- clearCookies -->
        <test-method status="PASS" signature="setUp(java.lang.String)[pri:0, instance:eleks.com.pages_tests.MainPage_Test@1084709]" name="setUp" is-config="true" duration-ms="257" started-at="2017-02-24T14:59:53Z" finished-at="2017-02-24T14:59:54Z">
          <params>
            <param index="0">
              <value>
                <![CDATA[chrome]]>
              </value>
            </param>
          </params>
          <reporter-output>
          </reporter-output>
        </test-method> <!-- setUp -->
        <test-method status="FAIL" signature="negative_loginAs_test()[pri:3, instance:eleks.com.pages_tests.MainPage_Test@1084709]" name="negative_loginAs_test" duration-ms="20909" started-at="2017-02-24T14:59:54Z" finished-at="2017-02-24T15:00:14Z">
          <exception class="java.lang.AssertionError">
            <message>
              <![CDATA[expected [true] but found [false]]]>
            </message>
            <full-stacktrace>
              <![CDATA[java.lang.AssertionError: expected [true] but found [false]
	at org.testng.Assert.fail(Assert.java:94)
	at org.testng.Assert.failNotEquals(Assert.java:513)
	at org.testng.Assert.assertTrue(Assert.java:42)
	at org.testng.Assert.assertTrue(Assert.java:52)
	at eleks.com.pages_tests.MainPage_Test.negative_loginAs_test(MainPage_Test.java:42)
	at sun.reflect.NativeMethodAccessorImpl.invoke0(Native Method)
	at sun.reflect.NativeMethodAccessorImpl.invoke(NativeMethodAccessorImpl.java:62)
	at sun.reflect.DelegatingMethodAccessorImpl.invoke(DelegatingMethodAccessorImpl.java:43)
	at java.lang.reflect.Method.invoke(Method.java:498)
	at org.testng.internal.MethodInvocationHelper.invokeMethod(MethodInvocationHelper.java:104)
	at org.testng.internal.Invoker.invokeMethod(Invoker.java:645)
	at org.testng.internal.Invoker.invokeTestMethod(Invoker.java:851)
	at org.testng.internal.Invoker.invokeTestMethods(Invoker.java:1177)
	at org.testng.internal.TestMethodWorker.invokeTestMethods(TestMethodWorker.java:129)
	at org.testng.internal.TestMethodWorker.run(TestMethodWorker.java:112)
	at org.testng.TestRunner.privateRun(TestRunner.java:756)
	at org.testng.TestRunner.run(TestRunner.java:610)
	at org.testng.SuiteRunner.runTest(SuiteRunner.java:387)
	at org.testng.SuiteRunner.runSequentially(SuiteRunner.java:382)
	at org.testng.SuiteRunner.privateRun(SuiteRunner.java:340)
	at org.testng.SuiteRunner.run(SuiteRunner.java:289)
	at org.testng.SuiteRunnerWorker.runSuite(SuiteRunnerWorker.java:52)
	at org.testng.SuiteRunnerWorker.run(SuiteRunnerWorker.java:86)
	at org.testng.TestNG.runSuitesSequentially(TestNG.java:1293)
	at org.testng.TestNG.runSuitesLocally(TestNG.java:1218)
	at org.testng.TestNG.runSuites(TestNG.java:1133)
	at org.testng.TestNG.run(TestNG.java:1104)
	at org.testng.remote.AbstractRemoteTestNG.run(AbstractRemoteTestNG.java:132)
	at org.testng.remote.RemoteTestNG.initAndRun(RemoteTestNG.java:236)
	at org.testng.remote.RemoteTestNG.main(RemoteTestNG.java:81)
]]>
            </full-stacktrace>
          </exception> <!-- java.lang.AssertionError -->
          <reporter-output>
            <line>
              <![CDATA[Opening Main Page]]>
            </line>
            <line>
              <![CDATA[Login]]>
            </line>
            <line>
              <![CDATA[<p><a href="file:///C:\AutomationTesting\IUA_DEMOOK_ReportNG\IUA_ReportNG\ErrorScreenShots\negative_loginAs_test_24_02_2017_03_00_14.png"><img src="file:///C:\AutomationTesting\IUA_DEMOOK_ReportNG\IUA_ReportNG\ErrorScreenShots\negative_loginAs_test_24_02_2017_03_00_14.png" alt=""height='100' width='100'/> <br />]]>
            </line>
          </reporter-output>
        </test-method> <!-- negative_loginAs_test -->
        <test-method status="PASS" signature="clearCookies()[pri:0, instance:eleks.com.pages_tests.MainPage_Test@1084709]" name="clearCookies" is-config="true" duration-ms="63" started-at="2017-02-24T15:00:15Z" finished-at="2017-02-24T15:00:15Z">
          <reporter-output>
          </reporter-output>
        </test-method> <!-- clearCookies -->
      </class> <!-- eleks.com.pages_tests.MainPage_Test -->
    </test> <!-- MainPage -->
    <test name="MainBoxPage" duration-ms="13614" started-at="2017-02-24T13:00:15Z" finished-at="2017-02-24T13:00:28Z">
      <class name="eleks.com.pages_tests.MailBoxPage_Test">
        <test-method status="PASS" signature="setUp(java.lang.String)[pri:0, instance:eleks.com.pages_tests.MailBoxPage_Test@11f39f9]" name="setUp" is-config="true" duration-ms="1701" started-at="2017-02-24T15:00:15Z" finished-at="2017-02-24T15:00:16Z">
          <params>
            <param index="0">
              <value>
                <![CDATA[chrome]]>
              </value>
            </param>
          </params>
          <reporter-output>
          </reporter-output>
        </test-method> <!-- setUp -->
        <test-method status="PASS" signature="goToCreateEmailPage_test()[pri:0, instance:eleks.com.pages_tests.MailBoxPage_Test@11f39f9]" name="goToCreateEmailPage_test" duration-ms="8602" started-at="2017-02-24T15:00:16Z" finished-at="2017-02-24T15:00:25Z">
          <reporter-output>
            <line>
              <![CDATA[Opening Main Page]]>
            </line>
            <line>
              <![CDATA[Login]]>
            </line>
            <line>
              <![CDATA[Navigating to Create Email Page]]>
            </line>
            <line>
              <![CDATA[Checking is Create Mail Page opened]]>
            </line>
            <line>
              <![CDATA[Logout]]>
            </line>
          </reporter-output>
        </test-method> <!-- goToCreateEmailPage_test -->
        <test-method status="PASS" signature="clearCookies()[pri:0, instance:eleks.com.pages_tests.MailBoxPage_Test@11f39f9]" name="clearCookies" is-config="true" duration-ms="111" started-at="2017-02-24T15:00:25Z" finished-at="2017-02-24T15:00:25Z">
          <reporter-output>
          </reporter-output>
        </test-method> <!-- clearCookies -->
        <test-method status="PASS" signature="setUp(java.lang.String)[pri:0, instance:eleks.com.pages_tests.MailBoxPage_Test@11f39f9]" name="setUp" is-config="true" duration-ms="288" started-at="2017-02-24T15:00:25Z" finished-at="2017-02-24T15:00:25Z">
          <params>
            <param index="0">
              <value>
                <![CDATA[chrome]]>
              </value>
            </param>
          </params>
          <reporter-output>
          </reporter-output>
        </test-method> <!-- setUp -->
        <test-method status="PASS" signature="logout_test()[pri:0, instance:eleks.com.pages_tests.MailBoxPage_Test@11f39f9]" name="logout_test" duration-ms="2604" started-at="2017-02-24T15:00:25Z" finished-at="2017-02-24T15:00:28Z">
          <reporter-output>
            <line>
              <![CDATA[Opening Main Page]]>
            </line>
            <line>
              <![CDATA[Login]]>
            </line>
            <line>
              <![CDATA[Logout]]>
            </line>
            <line>
              <![CDATA[Checking is Mail Page opened]]>
            </line>
          </reporter-output>
        </test-method> <!-- logout_test -->
        <test-method status="PASS" signature="clearCookies()[pri:0, instance:eleks.com.pages_tests.MailBoxPage_Test@11f39f9]" name="clearCookies" is-config="true" duration-ms="305" started-at="2017-02-24T15:00:28Z" finished-at="2017-02-24T15:00:28Z">
          <reporter-output>
          </reporter-output>
        </test-method> <!-- clearCookies -->
      </class> <!-- eleks.com.pages_tests.MailBoxPage_Test -->
    </test> <!-- MainBoxPage -->
    <test name="CreateEmailPage" duration-ms="6006" started-at="2017-02-24T13:00:28Z" finished-at="2017-02-24T13:00:34Z">
      <class name="eleks.com.pages_tests.CreateEmailPage_Test">
        <test-method status="PASS" signature="setUp(java.lang.String)[pri:0, instance:eleks.com.pages_tests.CreateEmailPage_Test@729b1e]" name="setUp" is-config="true" duration-ms="350" started-at="2017-02-24T15:00:28Z" finished-at="2017-02-24T15:00:29Z">
          <params>
            <param index="0">
              <value>
                <![CDATA[chrome]]>
              </value>
            </param>
          </params>
          <reporter-output>
          </reporter-output>
        </test-method> <!-- setUp -->
        <test-method status="PASS" signature="createEmail_test()[pri:0, instance:eleks.com.pages_tests.CreateEmailPage_Test@729b1e]" name="createEmail_test" duration-ms="5514" started-at="2017-02-24T15:00:29Z" finished-at="2017-02-24T15:00:34Z">
          <reporter-output>
            <line>
              <![CDATA[Opening Main Page]]>
            </line>
            <line>
              <![CDATA[Login]]>
            </line>
            <line>
              <![CDATA[Navigating to Create Email Page]]>
            </line>
            <line>
              <![CDATA[Checking is Create Mail Page opened]]>
            </line>
            <line>
              <![CDATA[Create Email]]>
            </line>
            <line>
              <![CDATA[Checking is Success Send Mail Page opened]]>
            </line>
            <line>
              <![CDATA[Logout]]>
            </line>
          </reporter-output>
        </test-method> <!-- createEmail_test -->
        <test-method status="PASS" signature="clearCookies()[pri:0, instance:eleks.com.pages_tests.CreateEmailPage_Test@729b1e]" name="clearCookies" is-config="true" duration-ms="138" started-at="2017-02-24T15:00:34Z" finished-at="2017-02-24T15:00:34Z">
          <reporter-output>
          </reporter-output>
        </test-method> <!-- clearCookies -->
      </class> <!-- eleks.com.pages_tests.CreateEmailPage_Test -->
    </test> <!-- CreateEmailPage -->
    <test name="SuccessSendMailPage" duration-ms="7020" started-at="2017-02-24T13:00:34Z" finished-at="2017-02-24T13:00:41Z">
      <class name="eleks.com.pages_tests.SuccessSendMailPage_Test">
        <test-method status="PASS" signature="setUp(java.lang.String)[pri:0, instance:eleks.com.pages_tests.SuccessSendMailPage_Test@16f6598]" name="setUp" is-config="true" duration-ms="185" started-at="2017-02-24T15:00:34Z" finished-at="2017-02-24T15:00:35Z">
          <params>
            <param index="0">
              <value>
                <![CDATA[chrome]]>
              </value>
            </param>
          </params>
          <reporter-output>
          </reporter-output>
        </test-method> <!-- setUp -->
        <test-method status="PASS" signature="goToMailBoxPage_test()[pri:0, instance:eleks.com.pages_tests.SuccessSendMailPage_Test@16f6598]" name="goToMailBoxPage_test" duration-ms="6713" started-at="2017-02-24T15:00:35Z" finished-at="2017-02-24T15:00:41Z">
          <reporter-output>
            <line>
              <![CDATA[Opening Main Page]]>
            </line>
            <line>
              <![CDATA[Login]]>
            </line>
            <line>
              <![CDATA[Navigating to Create Email Page]]>
            </line>
            <line>
              <![CDATA[Create Email]]>
            </line>
            <line>
              <![CDATA[Navigating to MailBox Page]]>
            </line>
            <line>
              <![CDATA[Checking is MailBox Page opened]]>
            </line>
            <line>
              <![CDATA[Logout]]>
            </line>
          </reporter-output>
        </test-method> <!-- goToMailBoxPage_test -->
        <test-method status="PASS" signature="clearCookies()[pri:0, instance:eleks.com.pages_tests.SuccessSendMailPage_Test@16f6598]" name="clearCookies" is-config="true" duration-ms="120" started-at="2017-02-24T15:00:41Z" finished-at="2017-02-24T15:00:41Z">
          <reporter-output>
          </reporter-output>
        </test-method> <!-- clearCookies -->
      </class> <!-- eleks.com.pages_tests.SuccessSendMailPage_Test -->
    </test> <!-- SuccessSendMailPage -->
    <test name="SentEmailsPage" duration-ms="103054" started-at="2017-02-24T13:00:41Z" finished-at="2017-02-24T13:02:24Z">
      <class name="eleks.com.pages_tests.SentEmailsPage_Test">
        <test-method status="PASS" signature="setUp(java.lang.String)[pri:0, instance:eleks.com.pages_tests.SentEmailsPage_Test@1088d51]" name="setUp" is-config="true" duration-ms="1945" started-at="2017-02-24T15:00:41Z" finished-at="2017-02-24T15:00:43Z">
          <params>
            <param index="0">
              <value>
                <![CDATA[chrome]]>
              </value>
            </param>
          </params>
          <reporter-output>
          </reporter-output>
        </test-method> <!-- setUp -->
        <test-method status="FAIL" signature="negative_verifyBody_test()[pri:0, instance:eleks.com.pages_tests.SentEmailsPage_Test@1088d51]" name="negative_verifyBody_test" duration-ms="28616" started-at="2017-02-24T15:00:43Z" finished-at="2017-02-24T15:01:12Z">
          <exception class="org.openqa.selenium.NoSuchElementException">
            <message>
              <![CDATA[no such element: Unable to locate element: {"method":"xpath","selector":"//div[@class='message_body']/pre[text()='body_tra_ta_ta']"}
  (Session info: chrome=56.0.2924.87)
  (Driver info: chromedriver=2.25.426923 (0390b88869384d6eb0d5d09729679f934aab9eed),platform=Windows NT 10.0.14393 x86_64) (WARNING: The server did not provide any stacktrace information)
Command duration or timeout: 20.04 seconds
For documentation on this error, please visit: http://seleniumhq.org/exceptions/no_such_element.html
Build info: version: '3.0.1', revision: '1969d75', time: '2016-10-18 09:49:13 -0700'
System info: host: 'ws-lv-cp2258', ip: '172.25.24.92', os.name: 'Windows 10', os.arch: 'x86', os.version: '10.0', java.version: '1.8.0_111'
Driver info: org.openqa.selenium.chrome.ChromeDriver
Capabilities [{applicationCacheEnabled=false, rotatable=false, mobileEmulationEnabled=false, networkConnectionEnabled=false, chrome={chromedriverVersion=2.25.426923 (0390b88869384d6eb0d5d09729679f934aab9eed), userDataDir=C:\Users\HALYNA~1.LES\AppData\Local\Temp\scoped_dir3228_1555}, takesHeapSnapshot=true, pageLoadStrategy=normal, databaseEnabled=false, handlesAlerts=true, hasTouchScreen=false, version=56.0.2924.87, platform=XP, browserConnectionEnabled=false, nativeEvents=true, acceptSslCerts=true, locationContextEnabled=true, webStorageEnabled=true, browserName=chrome, takesScreenshot=true, javascriptEnabled=true, cssSelectorsEnabled=true}]
Session ID: ffe79fdd9bd9ad9b17bb126df6a4fd76
*** Element info: {Using=xpath, value=//div[@class='message_body']/pre[text()='body_tra_ta_ta']}]]>
            </message>
            <full-stacktrace>
              <![CDATA[org.openqa.selenium.NoSuchElementException: no such element: Unable to locate element: {"method":"xpath","selector":"//div[@class='message_body']/pre[text()='body_tra_ta_ta']"}
  (Session info: chrome=56.0.2924.87)
  (Driver info: chromedriver=2.25.426923 (0390b88869384d6eb0d5d09729679f934aab9eed),platform=Windows NT 10.0.14393 x86_64) (WARNING: The server did not provide any stacktrace information)
Command duration or timeout: 20.04 seconds
For documentation on this error, please visit: http://seleniumhq.org/exceptions/no_such_element.html
Build info: version: '3.0.1', revision: '1969d75', time: '2016-10-18 09:49:13 -0700'
System info: host: 'ws-lv-cp2258', ip: '172.25.24.92', os.name: 'Windows 10', os.arch: 'x86', os.version: '10.0', java.version: '1.8.0_111'
Driver info: org.openqa.selenium.chrome.ChromeDriver
Capabilities [{applicationCacheEnabled=false, rotatable=false, mobileEmulationEnabled=false, networkConnectionEnabled=false, chrome={chromedriverVersion=2.25.426923 (0390b88869384d6eb0d5d09729679f934aab9eed), userDataDir=C:\Users\HALYNA~1.LES\AppData\Local\Temp\scoped_dir3228_1555}, takesHeapSnapshot=true, pageLoadStrategy=normal, databaseEnabled=false, handlesAlerts=true, hasTouchScreen=false, version=56.0.2924.87, platform=XP, browserConnectionEnabled=false, nativeEvents=true, acceptSslCerts=true, locationContextEnabled=true, webStorageEnabled=true, browserName=chrome, takesScreenshot=true, javascriptEnabled=true, cssSelectorsEnabled=true}]
Session ID: ffe79fdd9bd9ad9b17bb126df6a4fd76
*** Element info: {Using=xpath, value=//div[@class='message_body']/pre[text()='body_tra_ta_ta']}
	at sun.reflect.NativeConstructorAccessorImpl.newInstance0(Native Method)
	at sun.reflect.NativeConstructorAccessorImpl.newInstance(NativeConstructorAccessorImpl.java:62)
	at sun.reflect.DelegatingConstructorAccessorImpl.newInstance(DelegatingConstructorAccessorImpl.java:45)
	at java.lang.reflect.Constructor.newInstance(Constructor.java:423)
	at org.openqa.selenium.remote.ErrorHandler.createThrowable(ErrorHandler.java:216)
	at org.openqa.selenium.remote.ErrorHandler.throwIfResponseFailed(ErrorHandler.java:168)
	at org.openqa.selenium.remote.RemoteWebDriver.execute(RemoteWebDriver.java:635)
	at org.openqa.selenium.remote.RemoteWebDriver.findElement(RemoteWebDriver.java:368)
	at org.openqa.selenium.remote.RemoteWebDriver.findElementByXPath(RemoteWebDriver.java:473)
	at org.openqa.selenium.By$ByXPath.findElement(By.java:361)
	at org.openqa.selenium.remote.RemoteWebDriver.findElement(RemoteWebDriver.java:360)
	at eleks.com.pages.SentEmailsPage.isCorrectBodyOnEmail(SentEmailsPage.java:67)
	at eleks.com.pages_tests.SentEmailsPage_Test.negative_verifyBody_test(SentEmailsPage_Test.java:110)
	at sun.reflect.NativeMethodAccessorImpl.invoke0(Native Method)
	at sun.reflect.NativeMethodAccessorImpl.invoke(NativeMethodAccessorImpl.java:62)
	at sun.reflect.DelegatingMethodAccessorImpl.invoke(DelegatingMethodAccessorImpl.java:43)
	at java.lang.reflect.Method.invoke(Method.java:498)
	at org.testng.internal.MethodInvocationHelper.invokeMethod(MethodInvocationHelper.java:104)
	at org.testng.internal.Invoker.invokeMethod(Invoker.java:645)
	at org.testng.internal.Invoker.invokeTestMethod(Invoker.java:851)
	at org.testng.internal.Invoker.invokeTestMethods(Invoker.java:1177)
	at org.testng.internal.TestMethodWorker.invokeTestMethods(TestMethodWorker.java:129)
	at org.testng.internal.TestMethodWorker.run(TestMethodWorker.java:112)
	at org.testng.TestRunner.privateRun(TestRunner.java:756)
	at org.testng.TestRunner.run(TestRunner.java:610)
	at org.testng.SuiteRunner.runTest(SuiteRunner.java:387)
	at org.testng.SuiteRunner.runSequentially(SuiteRunner.java:382)
	at org.testng.SuiteRunner.privateRun(SuiteRunner.java:340)
	at org.testng.SuiteRunner.run(SuiteRunner.java:289)
	at org.testng.SuiteRunnerWorker.runSuite(SuiteRunnerWorker.java:52)
	at org.testng.SuiteRunnerWorker.run(SuiteRunnerWorker.java:86)
	at org.testng.TestNG.runSuitesSequentially(TestNG.java:1293)
	at org.testng.TestNG.runSuitesLocally(TestNG.java:1218)
	at org.testng.TestNG.runSuites(TestNG.java:1133)
	at org.testng.TestNG.run(TestNG.java:1104)
	at org.testng.remote.AbstractRemoteTestNG.run(AbstractRemoteTestNG.java:132)
	at org.testng.remote.RemoteTestNG.initAndRun(RemoteTestNG.java:236)
	at org.testng.remote.RemoteTestNG.main(RemoteTestNG.java:81)
]]>
            </full-stacktrace>
          </exception> <!-- org.openqa.selenium.NoSuchElementException -->
          <reporter-output>
            <line>
              <![CDATA[<p><a href="file:///C:\AutomationTesting\IUA_DEMOOK_ReportNG\IUA_ReportNG\ErrorScreenShots\negative_verifyBody_test_24_02_2017_03_01_12.png"><img src="file:///C:\AutomationTesting\IUA_DEMOOK_ReportNG\IUA_ReportNG\ErrorScreenShots\negative_verifyBody_test_24_02_2017_03_01_12.png" alt=""height='100' width='100'/> <br />]]>
            </line>
          </reporter-output>
        </test-method> <!-- negative_verifyBody_test -->
        <test-method status="PASS" signature="clearCookies()[pri:0, instance:eleks.com.pages_tests.SentEmailsPage_Test@1088d51]" name="clearCookies" is-config="true" duration-ms="97" started-at="2017-02-24T15:01:12Z" finished-at="2017-02-24T15:01:12Z">
          <reporter-output>
          </reporter-output>
        </test-method> <!-- clearCookies -->
        <test-method status="PASS" signature="setUp(java.lang.String)[pri:0, instance:eleks.com.pages_tests.SentEmailsPage_Test@1088d51]" name="setUp" is-config="true" duration-ms="295" started-at="2017-02-24T15:01:12Z" finished-at="2017-02-24T15:01:13Z">
          <params>
            <param index="0">
              <value>
                <![CDATA[chrome]]>
              </value>
            </param>
          </params>
          <reporter-output>
          </reporter-output>
        </test-method> <!-- setUp -->
        <test-method status="FAIL" signature="negative_verifySubject_test()[pri:0, instance:eleks.com.pages_tests.SentEmailsPage_Test@1088d51]" name="negative_verifySubject_test" duration-ms="26647" started-at="2017-02-24T15:01:13Z" finished-at="2017-02-24T15:01:39Z">
          <exception class="org.openqa.selenium.NoSuchElementException">
            <message>
              <![CDATA[no such element: Unable to locate element: {"method":"xpath","selector":"//descendant::span[text()='dgdfg']"}
  (Session info: chrome=56.0.2924.87)
  (Driver info: chromedriver=2.25.426923 (0390b88869384d6eb0d5d09729679f934aab9eed),platform=Windows NT 10.0.14393 x86_64) (WARNING: The server did not provide any stacktrace information)
Command duration or timeout: 20.06 seconds
For documentation on this error, please visit: http://seleniumhq.org/exceptions/no_such_element.html
Build info: version: '3.0.1', revision: '1969d75', time: '2016-10-18 09:49:13 -0700'
System info: host: 'ws-lv-cp2258', ip: '172.25.24.92', os.name: 'Windows 10', os.arch: 'x86', os.version: '10.0', java.version: '1.8.0_111'
Driver info: org.openqa.selenium.chrome.ChromeDriver
Capabilities [{applicationCacheEnabled=false, rotatable=false, mobileEmulationEnabled=false, networkConnectionEnabled=false, chrome={chromedriverVersion=2.25.426923 (0390b88869384d6eb0d5d09729679f934aab9eed), userDataDir=C:\Users\HALYNA~1.LES\AppData\Local\Temp\scoped_dir3228_1555}, takesHeapSnapshot=true, pageLoadStrategy=normal, databaseEnabled=false, handlesAlerts=true, hasTouchScreen=false, version=56.0.2924.87, platform=XP, browserConnectionEnabled=false, nativeEvents=true, acceptSslCerts=true, locationContextEnabled=true, webStorageEnabled=true, browserName=chrome, takesScreenshot=true, javascriptEnabled=true, cssSelectorsEnabled=true}]
Session ID: ffe79fdd9bd9ad9b17bb126df6a4fd76
*** Element info: {Using=xpath, value=//descendant::span[text()='dgdfg']}]]>
            </message>
            <full-stacktrace>
              <![CDATA[org.openqa.selenium.NoSuchElementException: no such element: Unable to locate element: {"method":"xpath","selector":"//descendant::span[text()='dgdfg']"}
  (Session info: chrome=56.0.2924.87)
  (Driver info: chromedriver=2.25.426923 (0390b88869384d6eb0d5d09729679f934aab9eed),platform=Windows NT 10.0.14393 x86_64) (WARNING: The server did not provide any stacktrace information)
Command duration or timeout: 20.06 seconds
For documentation on this error, please visit: http://seleniumhq.org/exceptions/no_such_element.html
Build info: version: '3.0.1', revision: '1969d75', time: '2016-10-18 09:49:13 -0700'
System info: host: 'ws-lv-cp2258', ip: '172.25.24.92', os.name: 'Windows 10', os.arch: 'x86', os.version: '10.0', java.version: '1.8.0_111'
Driver info: org.openqa.selenium.chrome.ChromeDriver
Capabilities [{applicationCacheEnabled=false, rotatable=false, mobileEmulationEnabled=false, networkConnectionEnabled=false, chrome={chromedriverVersion=2.25.426923 (0390b88869384d6eb0d5d09729679f934aab9eed), userDataDir=C:\Users\HALYNA~1.LES\AppData\Local\Temp\scoped_dir3228_1555}, takesHeapSnapshot=true, pageLoadStrategy=normal, databaseEnabled=false, handlesAlerts=true, hasTouchScreen=false, version=56.0.2924.87, platform=XP, browserConnectionEnabled=false, nativeEvents=true, acceptSslCerts=true, locationContextEnabled=true, webStorageEnabled=true, browserName=chrome, takesScreenshot=true, javascriptEnabled=true, cssSelectorsEnabled=true}]
Session ID: ffe79fdd9bd9ad9b17bb126df6a4fd76
*** Element info: {Using=xpath, value=//descendant::span[text()='dgdfg']}
	at sun.reflect.NativeConstructorAccessorImpl.newInstance0(Native Method)
	at sun.reflect.NativeConstructorAccessorImpl.newInstance(NativeConstructorAccessorImpl.java:62)
	at sun.reflect.DelegatingConstructorAccessorImpl.newInstance(DelegatingConstructorAccessorImpl.java:45)
	at java.lang.reflect.Constructor.newInstance(Constructor.java:423)
	at org.openqa.selenium.remote.ErrorHandler.createThrowable(ErrorHandler.java:216)
	at org.openqa.selenium.remote.ErrorHandler.throwIfResponseFailed(ErrorHandler.java:168)
	at org.openqa.selenium.remote.RemoteWebDriver.execute(RemoteWebDriver.java:635)
	at org.openqa.selenium.remote.RemoteWebDriver.findElement(RemoteWebDriver.java:368)
	at org.openqa.selenium.remote.RemoteWebDriver.findElementByXPath(RemoteWebDriver.java:473)
	at org.openqa.selenium.By$ByXPath.findElement(By.java:361)
	at org.openqa.selenium.remote.RemoteWebDriver.findElement(RemoteWebDriver.java:360)
	at eleks.com.pages.SentEmailsPage.isCorrectSubject(SentEmailsPage.java:31)
	at eleks.com.pages_tests.SentEmailsPage_Test.negative_verifySubject_test(SentEmailsPage_Test.java:64)
	at sun.reflect.NativeMethodAccessorImpl.invoke0(Native Method)
	at sun.reflect.NativeMethodAccessorImpl.invoke(NativeMethodAccessorImpl.java:62)
	at sun.reflect.DelegatingMethodAccessorImpl.invoke(DelegatingMethodAccessorImpl.java:43)
	at java.lang.reflect.Method.invoke(Method.java:498)
	at org.testng.internal.MethodInvocationHelper.invokeMethod(MethodInvocationHelper.java:104)
	at org.testng.internal.Invoker.invokeMethod(Invoker.java:645)
	at org.testng.internal.Invoker.invokeTestMethod(Invoker.java:851)
	at org.testng.internal.Invoker.invokeTestMethods(Invoker.java:1177)
	at org.testng.internal.TestMethodWorker.invokeTestMethods(TestMethodWorker.java:129)
	at org.testng.internal.TestMethodWorker.run(TestMethodWorker.java:112)
	at org.testng.TestRunner.privateRun(TestRunner.java:756)
	at org.testng.TestRunner.run(TestRunner.java:610)
	at org.testng.SuiteRunner.runTest(SuiteRunner.java:387)
	at org.testng.SuiteRunner.runSequentially(SuiteRunner.java:382)
	at org.testng.SuiteRunner.privateRun(SuiteRunner.java:340)
	at org.testng.SuiteRunner.run(SuiteRunner.java:289)
	at org.testng.SuiteRunnerWorker.runSuite(SuiteRunnerWorker.java:52)
	at org.testng.SuiteRunnerWorker.run(SuiteRunnerWorker.java:86)
	at org.testng.TestNG.runSuitesSequentially(TestNG.java:1293)
	at org.testng.TestNG.runSuitesLocally(TestNG.java:1218)
	at org.testng.TestNG.runSuites(TestNG.java:1133)
	at org.testng.TestNG.run(TestNG.java:1104)
	at org.testng.remote.AbstractRemoteTestNG.run(AbstractRemoteTestNG.java:132)
	at org.testng.remote.RemoteTestNG.initAndRun(RemoteTestNG.java:236)
	at org.testng.remote.RemoteTestNG.main(RemoteTestNG.java:81)
]]>
            </full-stacktrace>
          </exception> <!-- org.openqa.selenium.NoSuchElementException -->
          <reporter-output>
            <line>
              <![CDATA[Opening Main Page]]>
            </line>
            <line>
              <![CDATA[Login]]>
            </line>
            <line>
              <![CDATA[Navigating to Create Email Page]]>
            </line>
            <line>
              <![CDATA[Create Email]]>
            </line>
            <line>
              <![CDATA[Navigating to Sent Emails Page]]>
            </line>
            <line>
              <![CDATA[<p><a href="file:///C:\AutomationTesting\IUA_DEMOOK_ReportNG\IUA_ReportNG\ErrorScreenShots\negative_verifySubject_test_24_02_2017_03_01_39.png"><img src="file:///C:\AutomationTesting\IUA_DEMOOK_ReportNG\IUA_ReportNG\ErrorScreenShots\negative_verifySubject_test_24_02_2017_03_01_39.png" alt=""height='100' width='100'/> <br />]]>
            </line>
          </reporter-output>
        </test-method> <!-- negative_verifySubject_test -->
        <test-method status="PASS" signature="clearCookies()[pri:0, instance:eleks.com.pages_tests.SentEmailsPage_Test@1088d51]" name="clearCookies" is-config="true" duration-ms="86" started-at="2017-02-24T15:01:40Z" finished-at="2017-02-24T15:01:40Z">
          <reporter-output>
          </reporter-output>
        </test-method> <!-- clearCookies -->
        <test-method status="PASS" signature="setUp(java.lang.String)[pri:0, instance:eleks.com.pages_tests.SentEmailsPage_Test@1088d51]" name="setUp" is-config="true" duration-ms="619" started-at="2017-02-24T15:01:40Z" finished-at="2017-02-24T15:01:40Z">
          <params>
            <param index="0">
              <value>
                <![CDATA[chrome]]>
              </value>
            </param>
          </params>
          <reporter-output>
          </reporter-output>
        </test-method> <!-- setUp -->
        <test-method status="FAIL" signature="positive_verifyBody_test()[pri:0, instance:eleks.com.pages_tests.SentEmailsPage_Test@1088d51]" name="positive_verifyBody_test" duration-ms="34647" started-at="2017-02-24T15:01:40Z" finished-at="2017-02-24T15:02:15Z">
          <exception class="org.openqa.selenium.NoSuchElementException">
            <message>
              <![CDATA[no such element: Unable to locate element: {"method":"xpath","selector":"//div[@class='message_body']/pre[text()='body_tra_ta_ta']"}
  (Session info: chrome=56.0.2924.87)
  (Driver info: chromedriver=2.25.426923 (0390b88869384d6eb0d5d09729679f934aab9eed),platform=Windows NT 10.0.14393 x86_64) (WARNING: The server did not provide any stacktrace information)
Command duration or timeout: 20.03 seconds
For documentation on this error, please visit: http://seleniumhq.org/exceptions/no_such_element.html
Build info: version: '3.0.1', revision: '1969d75', time: '2016-10-18 09:49:13 -0700'
System info: host: 'ws-lv-cp2258', ip: '172.25.24.92', os.name: 'Windows 10', os.arch: 'x86', os.version: '10.0', java.version: '1.8.0_111'
Driver info: org.openqa.selenium.chrome.ChromeDriver
Capabilities [{applicationCacheEnabled=false, rotatable=false, mobileEmulationEnabled=false, networkConnectionEnabled=false, chrome={chromedriverVersion=2.25.426923 (0390b88869384d6eb0d5d09729679f934aab9eed), userDataDir=C:\Users\HALYNA~1.LES\AppData\Local\Temp\scoped_dir3228_1555}, takesHeapSnapshot=true, pageLoadStrategy=normal, databaseEnabled=false, handlesAlerts=true, hasTouchScreen=false, version=56.0.2924.87, platform=XP, browserConnectionEnabled=false, nativeEvents=true, acceptSslCerts=true, locationContextEnabled=true, webStorageEnabled=true, browserName=chrome, takesScreenshot=true, javascriptEnabled=true, cssSelectorsEnabled=true}]
Session ID: ffe79fdd9bd9ad9b17bb126df6a4fd76
*** Element info: {Using=xpath, value=//div[@class='message_body']/pre[text()='body_tra_ta_ta']}]]>
            </message>
            <full-stacktrace>
              <![CDATA[org.openqa.selenium.NoSuchElementException: no such element: Unable to locate element: {"method":"xpath","selector":"//div[@class='message_body']/pre[text()='body_tra_ta_ta']"}
  (Session info: chrome=56.0.2924.87)
  (Driver info: chromedriver=2.25.426923 (0390b88869384d6eb0d5d09729679f934aab9eed),platform=Windows NT 10.0.14393 x86_64) (WARNING: The server did not provide any stacktrace information)
Command duration or timeout: 20.03 seconds
For documentation on this error, please visit: http://seleniumhq.org/exceptions/no_such_element.html
Build info: version: '3.0.1', revision: '1969d75', time: '2016-10-18 09:49:13 -0700'
System info: host: 'ws-lv-cp2258', ip: '172.25.24.92', os.name: 'Windows 10', os.arch: 'x86', os.version: '10.0', java.version: '1.8.0_111'
Driver info: org.openqa.selenium.chrome.ChromeDriver
Capabilities [{applicationCacheEnabled=false, rotatable=false, mobileEmulationEnabled=false, networkConnectionEnabled=false, chrome={chromedriverVersion=2.25.426923 (0390b88869384d6eb0d5d09729679f934aab9eed), userDataDir=C:\Users\HALYNA~1.LES\AppData\Local\Temp\scoped_dir3228_1555}, takesHeapSnapshot=true, pageLoadStrategy=normal, databaseEnabled=false, handlesAlerts=true, hasTouchScreen=false, version=56.0.2924.87, platform=XP, browserConnectionEnabled=false, nativeEvents=true, acceptSslCerts=true, locationContextEnabled=true, webStorageEnabled=true, browserName=chrome, takesScreenshot=true, javascriptEnabled=true, cssSelectorsEnabled=true}]
Session ID: ffe79fdd9bd9ad9b17bb126df6a4fd76
*** Element info: {Using=xpath, value=//div[@class='message_body']/pre[text()='body_tra_ta_ta']}
	at sun.reflect.NativeConstructorAccessorImpl.newInstance0(Native Method)
	at sun.reflect.NativeConstructorAccessorImpl.newInstance(NativeConstructorAccessorImpl.java:62)
	at sun.reflect.DelegatingConstructorAccessorImpl.newInstance(DelegatingConstructorAccessorImpl.java:45)
	at java.lang.reflect.Constructor.newInstance(Constructor.java:423)
	at org.openqa.selenium.remote.ErrorHandler.createThrowable(ErrorHandler.java:216)
	at org.openqa.selenium.remote.ErrorHandler.throwIfResponseFailed(ErrorHandler.java:168)
	at org.openqa.selenium.remote.RemoteWebDriver.execute(RemoteWebDriver.java:635)
	at org.openqa.selenium.remote.RemoteWebDriver.findElement(RemoteWebDriver.java:368)
	at org.openqa.selenium.remote.RemoteWebDriver.findElementByXPath(RemoteWebDriver.java:473)
	at org.openqa.selenium.By$ByXPath.findElement(By.java:361)
	at org.openqa.selenium.remote.RemoteWebDriver.findElement(RemoteWebDriver.java:360)
	at eleks.com.pages.SentEmailsPage.isCorrectBodyOnEmail(SentEmailsPage.java:67)
	at eleks.com.pages_tests.SentEmailsPage_Test.positive_verifyBody_test(SentEmailsPage_Test.java:87)
	at sun.reflect.NativeMethodAccessorImpl.invoke0(Native Method)
	at sun.reflect.NativeMethodAccessorImpl.invoke(NativeMethodAccessorImpl.java:62)
	at sun.reflect.DelegatingMethodAccessorImpl.invoke(DelegatingMethodAccessorImpl.java:43)
	at java.lang.reflect.Method.invoke(Method.java:498)
	at org.testng.internal.MethodInvocationHelper.invokeMethod(MethodInvocationHelper.java:104)
	at org.testng.internal.Invoker.invokeMethod(Invoker.java:645)
	at org.testng.internal.Invoker.invokeTestMethod(Invoker.java:851)
	at org.testng.internal.Invoker.invokeTestMethods(Invoker.java:1177)
	at org.testng.internal.TestMethodWorker.invokeTestMethods(TestMethodWorker.java:129)
	at org.testng.internal.TestMethodWorker.run(TestMethodWorker.java:112)
	at org.testng.TestRunner.privateRun(TestRunner.java:756)
	at org.testng.TestRunner.run(TestRunner.java:610)
	at org.testng.SuiteRunner.runTest(SuiteRunner.java:387)
	at org.testng.SuiteRunner.runSequentially(SuiteRunner.java:382)
	at org.testng.SuiteRunner.privateRun(SuiteRunner.java:340)
	at org.testng.SuiteRunner.run(SuiteRunner.java:289)
	at org.testng.SuiteRunnerWorker.runSuite(SuiteRunnerWorker.java:52)
	at org.testng.SuiteRunnerWorker.run(SuiteRunnerWorker.java:86)
	at org.testng.TestNG.runSuitesSequentially(TestNG.java:1293)
	at org.testng.TestNG.runSuitesLocally(TestNG.java:1218)
	at org.testng.TestNG.runSuites(TestNG.java:1133)
	at org.testng.TestNG.run(TestNG.java:1104)
	at org.testng.remote.AbstractRemoteTestNG.run(AbstractRemoteTestNG.java:132)
	at org.testng.remote.RemoteTestNG.initAndRun(RemoteTestNG.java:236)
	at org.testng.remote.RemoteTestNG.main(RemoteTestNG.java:81)
]]>
            </full-stacktrace>
          </exception> <!-- org.openqa.selenium.NoSuchElementException -->
          <reporter-output>
            <line>
              <![CDATA[<p><a href="file:///C:\AutomationTesting\IUA_DEMOOK_ReportNG\IUA_ReportNG\ErrorScreenShots\positive_verifyBody_test_24_02_2017_03_02_15.png"><img src="file:///C:\AutomationTesting\IUA_DEMOOK_ReportNG\IUA_ReportNG\ErrorScreenShots\positive_verifyBody_test_24_02_2017_03_02_15.png" alt=""height='100' width='100'/> <br />]]>
            </line>
          </reporter-output>
        </test-method> <!-- positive_verifyBody_test -->
        <test-method status="PASS" signature="clearCookies()[pri:0, instance:eleks.com.pages_tests.SentEmailsPage_Test@1088d51]" name="clearCookies" is-config="true" duration-ms="89" started-at="2017-02-24T15:02:15Z" finished-at="2017-02-24T15:02:15Z">
          <reporter-output>
          </reporter-output>
        </test-method> <!-- clearCookies -->
        <test-method status="PASS" signature="setUp(java.lang.String)[pri:0, instance:eleks.com.pages_tests.SentEmailsPage_Test@1088d51]" name="setUp" is-config="true" duration-ms="335" started-at="2017-02-24T15:02:15Z" finished-at="2017-02-24T15:02:16Z">
          <params>
            <param index="0">
              <value>
                <![CDATA[chrome]]>
              </value>
            </param>
          </params>
          <reporter-output>
          </reporter-output>
        </test-method> <!-- setUp -->
        <test-method status="PASS" signature="positive_verifySubject_test()[pri:0, instance:eleks.com.pages_tests.SentEmailsPage_Test@1088d51]" name="positive_verifySubject_test" duration-ms="8703" started-at="2017-02-24T15:02:16Z" finished-at="2017-02-24T15:02:24Z">
          <reporter-output>
            <line>
              <![CDATA[Opening Main Page]]>
            </line>
            <line>
              <![CDATA[Login]]>
            </line>
            <line>
              <![CDATA[Navigating to Create Email Page]]>
            </line>
            <line>
              <![CDATA[Create Email]]>
            </line>
            <line>
              <![CDATA[Navigating to Sent Emails Page]]>
            </line>
            <line>
              <![CDATA[Checking is correct subject]]>
            </line>
            <line>
              <![CDATA[Logout]]>
            </line>
          </reporter-output>
        </test-method> <!-- positive_verifySubject_test -->
        <test-method status="PASS" signature="clearCookies()[pri:0, instance:eleks.com.pages_tests.SentEmailsPage_Test@1088d51]" name="clearCookies" is-config="true" duration-ms="119" started-at="2017-02-24T15:02:24Z" finished-at="2017-02-24T15:02:24Z">
          <reporter-output>
          </reporter-output>
        </test-method> <!-- clearCookies -->
        <test-method status="PASS" signature="tearDown()[pri:0, instance:eleks.com.pages_tests.SentEmailsPage_Test@1088d51]" name="tearDown" is-config="true" duration-ms="3052" started-at="2017-02-24T15:02:25Z" finished-at="2017-02-24T15:02:28Z">
          <reporter-output>
          </reporter-output>
        </test-method> <!-- tearDown -->
      </class> <!-- eleks.com.pages_tests.SentEmailsPage_Test -->
    </test> <!-- SentEmailsPage -->
  </suite> <!-- Suite -->
</testng-results>
